[INFO ] 2023-02-25 10:12:56.689 [main] Controle - pathSource : C:\Users\heynerr\Downloads\NDF RHEY 202302.pdf
[INFO ] 2023-02-25 10:12:57.706 [main] Controle - Nom fichier à parser regex : NDF RHEY 202302.pdf
[INFO ] 2023-02-25 10:12:57.707 [main] Controle - i : 0 NDF.?\.pdf false
[INFO ] 2023-02-25 10:12:57.708 [main] Controle - i : 1 ^.*31719388832.*\.pdf$ false
[INFO ] 2023-02-25 10:12:57.708 [main] Controle - i : 2 31798828062\.pdf false
[INFO ] 2023-02-25 10:12:57.708 [main] Controle - i : 3 ^.*MAIF.*Cécile.*\.pdf$ false
[INFO ] 2023-02-25 10:12:57.708 [main] Controle - i : 4 ^.*MAIF.*Richard.*\.pdf$ false
[INFO ] 2023-02-25 10:12:57.708 [main] Controle - Pas de correspondance trouvée.
[INFO ] 2023-02-25 10:16:14.327 [main] Controle - pathSource : C:\Users\heynerr\Downloads\NDF RHEY 202302.pdf
[INFO ] 2023-02-25 10:16:15.348 [main] Controle - Nom fichier à parser regex : NDF RHEY 202302.pdf
[INFO ] 2023-02-25 10:16:15.349 [main] Controle - i : 0 ^NDF.*\.pdf$ true
[INFO ] 2023-02-25 10:33:12.234 [main] Controle - pathSource : C:\Users\heynerr\Downloads\ReleveAnnuel PER MAIF Cécile.pdf
[INFO ] 2023-02-25 10:33:13.244 [main] Controle - Nom fichier à parser regex : ReleveAnnuel PER MAIF Cécile.pdf
[INFO ] 2023-02-25 10:33:13.245 [main] Controle - i : 0 ^NDF.*\.pdf$ false
[INFO ] 2023-02-25 10:33:13.245 [main] Controle - i : 1 ^.*31719388832.*\.pdf$ false
[INFO ] 2023-02-25 10:33:13.245 [main] Controle - i : 2 31798828062\.pdf false
[INFO ] 2023-02-25 10:33:13.245 [main] Controle - i : 3 ^.*AV MAIF.*Cécile.*\.pdf$ false
[INFO ] 2023-02-25 10:33:13.246 [main] Controle - i : 4 ^.*AV MAIF.*Richard.*\.pdf$ false
[INFO ] 2023-02-25 10:33:13.246 [main] Controle - i : 5 ^.*PER MAIF.*Cécile.*\.pdf$ true
[INFO ] 2023-02-25 10:40:58.873 [main] Controle - pathSource : C:\Users\heynerr\Downloads\ReleveAnnuel PER MAIF Richard.pdf
[INFO ] 2023-02-25 10:40:59.892 [main] Controle - Nom fichier à parser regex : ReleveAnnuel PER MAIF Richard.pdf
[INFO ] 2023-02-25 10:40:59.893 [main] Controle - i : 0 ^NDF.*\.pdf$ false
[INFO ] 2023-02-25 10:40:59.893 [main] Controle - i : 1 ^.*31719388832.*\.pdf$ false
[INFO ] 2023-02-25 10:40:59.894 [main] Controle - i : 2 31798828062\.pdf false
[INFO ] 2023-02-25 10:40:59.894 [main] Controle - i : 3 ^.*AV MAIF.*Cécile.*\.pdf$ false
[INFO ] 2023-02-25 10:40:59.894 [main] Controle - i : 4 ^.*AV MAIF.*Richard.*\.pdf$ false
[INFO ] 2023-02-25 10:40:59.894 [main] Controle - i : 5 ^.*PER MAIF.*Cécile.*\.pdf$ false
[INFO ] 2023-02-25 10:40:59.894 [main] Controle - i : 6 ^.*PER MAIF.*Richard.*\.pdf$ true
